{"C:\\DISK\\programming\\WebStorm\\cyberplat_genesis\\simple-cyberplat\\index.js": {"path":"C:\\DISK\\programming\\WebStorm\\cyberplat_genesis\\simple-cyberplat\\index.js","statementMap":{"0":{"start":{"line":2,"column":15},"end":{"line":2,"column":32}},"1":{"start":{"line":3,"column":14},"end":{"line":3,"column":35}},"2":{"start":{"line":4,"column":14},"end":{"line":4,"column":30}},"3":{"start":{"line":6,"column":18},"end":{"line":6,"column":24}},"4":{"start":{"line":8,"column":23},"end":{"line":12,"column":34}},"5":{"start":{"line":9,"column":2},"end":{"line":12,"column":34}},"6":{"start":{"line":11,"column":18},"end":{"line":11,"column":38}},"7":{"start":{"line":15,"column":16},"end":{"line":15,"column":32}},"8":{"start":{"line":16,"column":2},"end":{"line":16,"column":81}},"9":{"start":{"line":19,"column":22},"end":{"line":22,"column":36}},"10":{"start":{"line":19,"column":33},"end":{"line":22,"column":36}},"11":{"start":{"line":22,"column":14},"end":{"line":22,"column":34}},"12":{"start":{"line":24,"column":21},"end":{"line":27,"column":31}},"13":{"start":{"line":24,"column":48},"end":{"line":27,"column":31}},"14":{"start":{"line":31,"column":4},"end":{"line":31,"column":28}},"15":{"start":{"line":32,"column":4},"end":{"line":32,"column":24}},"16":{"start":{"line":33,"column":4},"end":{"line":33,"column":38}},"17":{"start":{"line":37,"column":16},"end":{"line":37,"column":33}},"18":{"start":{"line":38,"column":19},"end":{"line":38,"column":54}},"19":{"start":{"line":39,"column":17},"end":{"line":39,"column":39}},"20":{"start":{"line":42,"column":4},"end":{"line":52,"column":6}},"21":{"start":{"line":56,"column":0},"end":{"line":56,"column":25}}},"fnMap":{"0":{"name":"(anonymous_0)","decl":{"start":{"line":8,"column":23},"end":{"line":8,"column":24}},"loc":{"start":{"line":9,"column":2},"end":{"line":12,"column":34}},"line":9},"1":{"name":"(anonymous_1)","decl":{"start":{"line":11,"column":11},"end":{"line":11,"column":12}},"loc":{"start":{"line":11,"column":18},"end":{"line":11,"column":38}},"line":11},"2":{"name":"splitOnFirst","decl":{"start":{"line":14,"column":9},"end":{"line":14,"column":21}},"loc":{"start":{"line":14,"column":33},"end":{"line":17,"column":1}},"line":14},"3":{"name":"(anonymous_3)","decl":{"start":{"line":19,"column":22},"end":{"line":19,"column":23}},"loc":{"start":{"line":19,"column":33},"end":{"line":22,"column":36}},"line":19},"4":{"name":"(anonymous_4)","decl":{"start":{"line":22,"column":9},"end":{"line":22,"column":10}},"loc":{"start":{"line":22,"column":14},"end":{"line":22,"column":34}},"line":22},"5":{"name":"(anonymous_5)","decl":{"start":{"line":24,"column":21},"end":{"line":24,"column":22}},"loc":{"start":{"line":24,"column":48},"end":{"line":27,"column":31}},"line":24},"6":{"name":"(anonymous_6)","decl":{"start":{"line":30,"column":2},"end":{"line":30,"column":3}},"loc":{"start":{"line":30,"column":52},"end":{"line":34,"column":3}},"line":30},"7":{"name":"(anonymous_7)","decl":{"start":{"line":36,"column":2},"end":{"line":36,"column":3}},"loc":{"start":{"line":36,"column":22},"end":{"line":53,"column":3}},"line":36}},"branchMap":{"0":{"loc":{"start":{"line":16,"column":9},"end":{"line":16,"column":81}},"type":"cond-expr","locations":[{"start":{"line":16,"column":21},"end":{"line":16,"column":26}},{"start":{"line":16,"column":29},"end":{"line":16,"column":81}}],"line":16}},"s":{"0":1,"1":1,"2":1,"3":1,"4":1,"5":1,"6":2,"7":2,"8":2,"9":1,"10":1,"11":2,"12":1,"13":1,"14":1,"15":1,"16":1,"17":1,"18":1,"19":1,"20":1,"21":1},"f":{"0":1,"1":2,"2":2,"3":1,"4":2,"5":1,"6":1,"7":1},"b":{"0":[0,2]},"_coverageSchema":"1a1c01bbd47fc00a2c39e90264f33305004495a9","hash":"8b896ffe51f40a632389e5762e003e802068e91a"}
}
